<?xml version="1.0" encoding="UTF-8"?>
<!-- Generated by org.testng.reporters.JUnitReportReporter -->
<testsuite skipped="0" hostname="LAPTOP-6GEIL6I9" name="qsp.sampleGithub" tests="1" failures="0" timestamp="10 Dec 2019 05:18:58 GMT" time="0.014" errors="0">
  <testcase name="testA" time="0.014" classname="qsp.sampleGithub"/>
</testsuite> <!-- qsp.sampleGithub -->
