<?xml version="1.0" encoding="UTF-8"?>
<!-- Generated by org.testng.reporters.JUnitReportReporter -->
<testsuite skipped="0" hostname="CBT-2F-301" name="qsp.Demo" tests="1" failures="0" timestamp="2019-12-04T11:20:44 IST" time="295.836" errors="0">
  <testcase name="testA" time="295.836" classname="qsp.Demo"/>
</testsuite> <!-- qsp.Demo -->
